
*** Running vivado
    with args -log FIR_Design.vds -m64 -product Vivado -mode batch -messageDb vivado.pb -notrace -source FIR_Design.tcl



****** Vivado v2021.2 (64-bit)
  **** SW Build 3367213 on Tue Oct 19 02:48:09 MDT 2021
  **** IP Build 3369179 on Thu Oct 21 08:25:16 MDT 2021
    ** Copyright 1986-2021 Xilinx, Inc. All Rights Reserved.

source FIR_Design.tcl -notrace
Command: read_checkpoint -auto_incremental -incremental C:/Xilinx/myproject/Fir_Design/Fir_Design.srcs/utils_1/imports/synth_1/FIR_Design.dcp
INFO: [Vivado 12-5825] Read reference checkpoint from C:/Xilinx/myproject/Fir_Design/Fir_Design.srcs/utils_1/imports/synth_1/FIR_Design.dcp for incremental synthesis
INFO: [Vivado 12-7989] Please ensure there are no constraint changes
Command: synth_design -top FIR_Design -part xc7z010clg400-1
Starting synth_design
Attempting to get a license for feature 'Synthesis' and/or device 'xc7z010'
INFO: [Common 17-349] Got license for feature 'Synthesis' and/or device 'xc7z010'
WARNING: [Designutils 20-4072] Reference run did not run incremental synthesis because the design is too small; reverting to default synthesis
INFO: [Designutils 20-4379] Flow is switching to default flow due to incremental criteria not met. If you would like to alter this behaviour and have the flow terminate instead, please set the following parameter config_implementation {autoIncr.Synth.RejectBehavior Terminate}
INFO: [Synth 8-7079] Multithreading enabled for synth_design using a maximum of 2 processes.
INFO: [Synth 8-7078] Launching helper process for spawning children vivado processes
INFO: [Synth 8-7075] Helper process launched with PID 20508
---------------------------------------------------------------------------------
Starting Synthesize : Time (s): cpu = 00:00:04 ; elapsed = 00:00:04 . Memory (MB): peak = 1412.973 ; gain = 0.000
---------------------------------------------------------------------------------
INFO: [Synth 8-6157] synthesizing module 'FIR_Design' [C:/Xilinx/myproject/Fir_Design/Fir_Design.srcs/sources_1/new/FIR_Design.v:23]
INFO: [Synth 8-6155] done synthesizing module 'FIR_Design' (1#1) [C:/Xilinx/myproject/Fir_Design/Fir_Design.srcs/sources_1/new/FIR_Design.v:23]
---------------------------------------------------------------------------------
Finished Synthesize : Time (s): cpu = 00:00:05 ; elapsed = 00:00:05 . Memory (MB): peak = 1412.973 ; gain = 0.000
---------------------------------------------------------------------------------
---------------------------------------------------------------------------------
Finished Constraint Validation : Time (s): cpu = 00:00:05 ; elapsed = 00:00:05 . Memory (MB): peak = 1412.973 ; gain = 0.000
---------------------------------------------------------------------------------
---------------------------------------------------------------------------------
Start Loading Part and Timing Information
---------------------------------------------------------------------------------
Loading part: xc7z010clg400-1
---------------------------------------------------------------------------------
Finished Loading Part and Timing Information : Time (s): cpu = 00:00:05 ; elapsed = 00:00:05 . Memory (MB): peak = 1412.973 ; gain = 0.000
---------------------------------------------------------------------------------
INFO: [Device 21-403] Loading part xc7z010clg400-1
---------------------------------------------------------------------------------
Finished RTL Optimization Phase 2 : Time (s): cpu = 00:00:06 ; elapsed = 00:00:06 . Memory (MB): peak = 1412.973 ; gain = 0.000
---------------------------------------------------------------------------------
No constraint files found.
---------------------------------------------------------------------------------
Start RTL Component Statistics 
---------------------------------------------------------------------------------
Detailed RTL Component Info : 
+---Adders : 
	  12 Input   43 Bit       Adders := 1     
	   8 Input   40 Bit       Adders := 11    
	   5 Input   40 Bit       Adders := 1     
	   2 Input   17 Bit       Adders := 92    
+---Registers : 
	               16 Bit    Registers := 185   
---------------------------------------------------------------------------------
Finished RTL Component Statistics 
---------------------------------------------------------------------------------
---------------------------------------------------------------------------------
Start Part Resource Summary
---------------------------------------------------------------------------------
Part Resources:
DSPs: 80 (col length:40)
BRAMs: 120 (col length: RAMB18 40 RAMB36 20)
---------------------------------------------------------------------------------
Finished Part Resource Summary
---------------------------------------------------------------------------------
No constraint files found.
---------------------------------------------------------------------------------
Start Cross Boundary and Area Optimization
---------------------------------------------------------------------------------
WARNING: [Synth 8-7080] Parallel synthesis criteria is not met
DSP Report: Generating DSP mult_data[9]0, operation Mode is: A*(B:0x3fae7).
DSP Report: operator mult_data[9]0 is absorbed into DSP mult_data[9]0.
DSP Report: Generating DSP mult_data[10]0, operation Mode is: A*(B:0x3fe4b).
DSP Report: operator mult_data[10]0 is absorbed into DSP mult_data[10]0.
DSP Report: Generating DSP mult_data[11]0, operation Mode is: A*(B:0x17c).
DSP Report: operator mult_data[11]0 is absorbed into DSP mult_data[11]0.
DSP Report: Generating DSP mult_data[12]0, operation Mode is: A*(B:0x2e7).
DSP Report: operator mult_data[12]0 is absorbed into DSP mult_data[12]0.
DSP Report: Generating DSP mult_data[13]0, operation Mode is: A*(B:0x1ff).
DSP Report: operator mult_data[13]0 is absorbed into DSP mult_data[13]0.
DSP Report: Generating DSP mult_data[14]0, operation Mode is: A*(B:0x3ffae).
DSP Report: operator mult_data[14]0 is absorbed into DSP mult_data[14]0.
DSP Report: Generating DSP mult_data[15]0, operation Mode is: A*(B:0x3fdbd).
DSP Report: operator mult_data[15]0 is absorbed into DSP mult_data[15]0.
DSP Report: Generating DSP mult_data[8]0, operation Mode is: A*(B:0x3f8e7).
DSP Report: operator mult_data[8]0 is absorbed into DSP mult_data[8]0.
DSP Report: Generating DSP mult_data[17]0, operation Mode is: A*(B:0x3ff4f).
DSP Report: operator mult_data[17]0 is absorbed into DSP mult_data[17]0.
DSP Report: Generating DSP mult_data[18]0, operation Mode is: A*(B:0x17b).
DSP Report: operator mult_data[18]0 is absorbed into DSP mult_data[18]0.
DSP Report: Generating DSP mult_data[19]0, operation Mode is: A*(B:0x263).
DSP Report: operator mult_data[19]0 is absorbed into DSP mult_data[19]0.
DSP Report: Generating DSP mult_data[20]0, operation Mode is: A*(B:0x14f).
DSP Report: operator mult_data[20]0 is absorbed into DSP mult_data[20]0.
DSP Report: Generating DSP mult_data[21]0, operation Mode is: A*(B:0x3ff23).
DSP Report: operator mult_data[21]0 is absorbed into DSP mult_data[21]0.
DSP Report: Generating DSP mult_data[22]0, operation Mode is: A*(B:0x3fdad).
DSP Report: operator mult_data[22]0 is absorbed into DSP mult_data[22]0.
DSP Report: Generating DSP mult_data[23]0, operation Mode is: A*(B:0x3fe2d).
DSP Report: operator mult_data[23]0 is absorbed into DSP mult_data[23]0.
DSP Report: Generating DSP mult_data[16]0, operation Mode is: A*(B:0x3fd9a).
DSP Report: operator mult_data[16]0 is absorbed into DSP mult_data[16]0.
DSP Report: Generating DSP mult_data[25]0, operation Mode is: A*(B:0x231).
DSP Report: operator mult_data[25]0 is absorbed into DSP mult_data[25]0.
DSP Report: Generating DSP mult_data[26]0, operation Mode is: A*(B:0x249).
DSP Report: operator mult_data[26]0 is absorbed into DSP mult_data[26]0.
DSP Report: Generating DSP mult_data[27]0, operation Mode is: A*(B:0x62).
DSP Report: operator mult_data[27]0 is absorbed into DSP mult_data[27]0.
DSP Report: Generating DSP mult_data[28]0, operation Mode is: A*(B:0x3fe0d).
DSP Report: operator mult_data[28]0 is absorbed into DSP mult_data[28]0.
DSP Report: Generating DSP mult_data[29]0, operation Mode is: A*(B:0x3fd50).
DSP Report: operator mult_data[29]0 is absorbed into DSP mult_data[29]0.
DSP Report: Generating DSP mult_data[30]0, operation Mode is: A*(B:0x3feea).
DSP Report: operator mult_data[30]0 is absorbed into DSP mult_data[30]0.
DSP Report: Generating DSP mult_data[31]0, operation Mode is: A*(B:0x193).
DSP Report: operator mult_data[31]0 is absorbed into DSP mult_data[31]0.
DSP Report: Generating DSP mult_data[24]0, operation Mode is: A*(B:0x43).
DSP Report: operator mult_data[24]0 is absorbed into DSP mult_data[24]0.
DSP Report: Generating DSP mult_data[33]0, operation Mode is: A*(B:0x1d9).
DSP Report: operator mult_data[33]0 is absorbed into DSP mult_data[33]0.
DSP Report: Generating DSP mult_data[34]0, operation Mode is: A*(B:0x3fef8).
DSP Report: operator mult_data[34]0 is absorbed into DSP mult_data[34]0.
DSP Report: Generating DSP mult_data[35]0, operation Mode is: A*(B:0x3fcd0).
DSP Report: operator mult_data[35]0 is absorbed into DSP mult_data[35]0.
DSP Report: Generating DSP mult_data[36]0, operation Mode is: A*(B:0x3fd5a).
DSP Report: operator mult_data[36]0 is absorbed into DSP mult_data[36]0.
DSP Report: Generating DSP mult_data[37]0, operation Mode is: A*(B:0x4c).
DSP Report: operator mult_data[37]0 is absorbed into DSP mult_data[37]0.
DSP Report: Generating DSP mult_data[38]0, operation Mode is: A*(B:0x330).
DSP Report: operator mult_data[38]0 is absorbed into DSP mult_data[38]0.
DSP Report: Generating DSP mult_data[39]0, operation Mode is: A*(B:0x36f).
DSP Report: operator mult_data[39]0 is absorbed into DSP mult_data[39]0.
DSP Report: Generating DSP mult_data[32]0, operation Mode is: A*(B:0x300).
DSP Report: operator mult_data[32]0 is absorbed into DSP mult_data[32]0.
DSP Report: Generating DSP mult_data[41]0, operation Mode is: A*(B:0x3fd0b).
DSP Report: operator mult_data[41]0 is absorbed into DSP mult_data[41]0.
DSP Report: Generating DSP mult_data[42]0, operation Mode is: A*(B:0x3fbdb).
DSP Report: operator mult_data[42]0 is absorbed into DSP mult_data[42]0.
DSP Report: Generating DSP mult_data[43]0, operation Mode is: A*(B:0x3fe4c).
DSP Report: operator mult_data[43]0 is absorbed into DSP mult_data[43]0.
DSP Report: Generating DSP mult_data[44]0, operation Mode is: A*(B:0x276).
DSP Report: operator mult_data[44]0 is absorbed into DSP mult_data[44]0.
DSP Report: Generating DSP mult_data[45]0, operation Mode is: A*(B:0x4bb).
DSP Report: operator mult_data[45]0 is absorbed into DSP mult_data[45]0.
DSP Report: Generating DSP mult_data[46]0, operation Mode is: A*(B:0x2ec).
DSP Report: operator mult_data[46]0 is absorbed into DSP mult_data[46]0.
DSP Report: Generating DSP mult_data[47]0, operation Mode is: A*(B:0x3fe58).
DSP Report: operator mult_data[47]0 is absorbed into DSP mult_data[47]0.
DSP Report: Generating DSP mult_data[40]0, operation Mode is: A*(B:0x9f).
DSP Report: operator mult_data[40]0 is absorbed into DSP mult_data[40]0.
DSP Report: Generating DSP mult_data[49]0, operation Mode is: A*(B:0x3fbc8).
DSP Report: operator mult_data[49]0 is absorbed into DSP mult_data[49]0.
DSP Report: Generating DSP mult_data[50]0, operation Mode is: A*(B:0x88).
DSP Report: operator mult_data[50]0 is absorbed into DSP mult_data[50]0.
DSP Report: Generating DSP mult_data[51]0, operation Mode is: A*(B:0x52e).
DSP Report: operator mult_data[51]0 is absorbed into DSP mult_data[51]0.
DSP Report: Generating DSP mult_data[52]0, operation Mode is: A*(B:0x587).
DSP Report: operator mult_data[52]0 is absorbed into DSP mult_data[52]0.
DSP Report: Generating DSP mult_data[53]0, operation Mode is: A*(B:0xea).
DSP Report: operator mult_data[53]0 is absorbed into DSP mult_data[53]0.
DSP Report: Generating DSP mult_data[54]0, operation Mode is: A*(B:0x3fb19).
DSP Report: operator mult_data[54]0 is absorbed into DSP mult_data[54]0.
DSP Report: Generating DSP mult_data[55]0, operation Mode is: A*(B:0x3f93c).
DSP Report: operator mult_data[55]0 is absorbed into DSP mult_data[55]0.
DSP Report: Generating DSP mult_data[48]0, operation Mode is: A*(B:0x3fae7).
DSP Report: operator mult_data[48]0 is absorbed into DSP mult_data[48]0.
DSP Report: Generating DSP mult_data[57]0, operation Mode is: A*(B:0x431).
DSP Report: operator mult_data[57]0 is absorbed into DSP mult_data[57]0.
DSP Report: Generating DSP mult_data[58]0, operation Mode is: A*(B:0x7d6).
DSP Report: operator mult_data[58]0 is absorbed into DSP mult_data[58]0.
DSP Report: Generating DSP mult_data[59]0, operation Mode is: A*(B:0x4b2).
DSP Report: operator mult_data[59]0 is absorbed into DSP mult_data[59]0.
DSP Report: Generating DSP mult_data[60]0, operation Mode is: A*(B:0x3fd06).
DSP Report: operator mult_data[60]0 is absorbed into DSP mult_data[60]0.
DSP Report: Generating DSP mult_data[61]0, operation Mode is: A*(B:0x3f75f).
DSP Report: operator mult_data[61]0 is absorbed into DSP mult_data[61]0.
DSP Report: Generating DSP mult_data[62]0, operation Mode is: A*(B:0x3f90d).
DSP Report: operator mult_data[62]0 is absorbed into DSP mult_data[62]0.
DSP Report: Generating DSP mult_data[63]0, operation Mode is: A*(B:0x134).
DSP Report: operator mult_data[63]0 is absorbed into DSP mult_data[63]0.
DSP Report: Generating DSP mult_data[56]0, operation Mode is: A*(B:0x3fd55).
DSP Report: operator mult_data[56]0 is absorbed into DSP mult_data[56]0.
DSP Report: Generating DSP mult_data[65]0, operation Mode is: A*(B:0x95d).
DSP Report: operator mult_data[65]0 is absorbed into DSP mult_data[65]0.
DSP Report: Generating DSP mult_data[66]0, operation Mode is: A*(B:0x132).
DSP Report: operator mult_data[66]0 is absorbed into DSP mult_data[66]0.
DSP Report: Generating DSP mult_data[67]0, operation Mode is: A*(B:0x3f71f).
DSP Report: operator mult_data[67]0 is absorbed into DSP mult_data[67]0.
DSP Report: Generating DSP mult_data[68]0, operation Mode is: A*(B:0x3f423).
DSP Report: operator mult_data[68]0 is absorbed into DSP mult_data[68]0.
DSP Report: Generating DSP mult_data[69]0, operation Mode is: A*(B:0x3fbb5).
DSP Report: operator mult_data[69]0 is absorbed into DSP mult_data[69]0.
DSP Report: Generating DSP mult_data[70]0, operation Mode is: A*(B:0x80b).
DSP Report: operator mult_data[70]0 is absorbed into DSP mult_data[70]0.
DSP Report: Generating DSP mult_data[71]0, operation Mode is: A*(B:0xe5e).
DSP Report: operator mult_data[71]0 is absorbed into DSP mult_data[71]0.
DSP Report: Generating DSP mult_data[64]0, operation Mode is: A*(B:0x905).
DSP Report: operator mult_data[64]0 is absorbed into DSP mult_data[64]0.
DSP Report: Generating DSP mult_data[73]0, operation Mode is: A*(B:0x3f9b4).
DSP Report: operator mult_data[73]0 is absorbed into DSP mult_data[73]0.
DSP Report: Generating DSP mult_data[74]0, operation Mode is: A*(B:0x3ef39).
DSP Report: operator mult_data[74]0 is absorbed into DSP mult_data[74]0.
DSP Report: Generating DSP mult_data[75]0, operation Mode is: A*(B:0x3f2f0).
DSP Report: operator mult_data[75]0 is absorbed into DSP mult_data[75]0.
DSP Report: Generating DSP mult_data[76]0, operation Mode is: A*(B:0x355).
DSP Report: operator mult_data[76]0 is absorbed into DSP mult_data[76]0.
DSP Report: Generating DSP mult_data[77]0, operation Mode is: A*(B:0x1302).
DSP Report: operator mult_data[77]0 is absorbed into DSP mult_data[77]0.
DSP Report: Generating DSP mult_data[78]0, operation Mode is: A*(B:0x1344).
DSP Report: operator mult_data[78]0 is absorbed into DSP mult_data[78]0.
DSP Report: Generating DSP mult_data[79]0, operation Mode is: A*(B:0x164).
DSP Report: operator mult_data[79]0 is absorbed into DSP mult_data[79]0.
DSP Report: Generating DSP mult_data[72]0, operation Mode is: A*(B:0x830).
DSP Report: operator mult_data[72]0 is absorbed into DSP mult_data[72]0.
DSP Report: Generating DSP mult_data[81]0, operation Mode is: A*(B:0x3e467).
DSP Report: operator mult_data[81]0 is absorbed into DSP mult_data[81]0.
DSP Report: Generating DSP mult_data[82]0, operation Mode is: A*(B:0x3f6f6).
DSP Report: operator mult_data[82]0 is absorbed into DSP mult_data[82]0.
DSP Report: Generating DSP mult_data[83]0, operation Mode is: A*(B:0x1697).
DSP Report: operator mult_data[83]0 is absorbed into DSP mult_data[83]0.
DSP Report: Generating DSP mult_data[84]0, operation Mode is: A*(B:0x2826).
DSP Report: operator mult_data[84]0 is absorbed into DSP mult_data[84]0.
DSP Report: Generating DSP mult_data[85]0, operation Mode is: A*(B:0x16b9).
DSP Report: operator mult_data[85]0 is absorbed into DSP mult_data[85]0.
DSP Report: Generating DSP mult_data[86]0, operation Mode is: A*(B:0x3e834).
DSP Report: operator mult_data[86]0 is absorbed into DSP mult_data[86]0.
DSP Report: Generating DSP mult_data[87]0, operation Mode is: A*(B:0x3bfc2).
DSP Report: operator mult_data[87]0 is absorbed into DSP mult_data[87]0.
DSP Report: Generating DSP mult_data[80]0, operation Mode is: A*(B:0x3eb07).
DSP Report: operator mult_data[80]0 is absorbed into DSP mult_data[80]0.
DSP Report: Generating DSP mult_data[89]0, operation Mode is: A*(B:0x188a).
DSP Report: operator mult_data[89]0 is absorbed into DSP mult_data[89]0.
DSP Report: Generating DSP mult_data[90]0, operation Mode is: A*(B:0x97c1).
DSP Report: operator mult_data[90]0 is absorbed into DSP mult_data[90]0.
DSP Report: Generating DSP signal_out3, operation Mode is: A*(B:0x10d09).
DSP Report: operator signal_out3 is absorbed into DSP signal_out3.
DSP Report: Generating DSP signal_out2, operation Mode is: (A:0x13c8b)*B.
DSP Report: operator signal_out2 is absorbed into DSP signal_out2.
DSP Report: Generating DSP mult_data[88]0, operation Mode is: A*(B:0x3c908).
DSP Report: operator mult_data[88]0 is absorbed into DSP mult_data[88]0.
DSP Report: Generating DSP mult_data[1]0, operation Mode is: A*(B:0x6d).
DSP Report: operator mult_data[1]0 is absorbed into DSP mult_data[1]0.
DSP Report: Generating DSP mult_data[2]0, operation Mode is: A*(B:0xa1).
DSP Report: operator mult_data[2]0 is absorbed into DSP mult_data[2]0.
DSP Report: Generating DSP mult_data[3]0, operation Mode is: A*(B:0x61).
DSP Report: operator mult_data[3]0 is absorbed into DSP mult_data[3]0.
DSP Report: Generating DSP mult_data[4]0, operation Mode is: A*(B:0x3ff48).
DSP Report: operator mult_data[4]0 is absorbed into DSP mult_data[4]0.
DSP Report: Generating DSP mult_data[5]0, operation Mode is: A*(B:0x3fd42).
DSP Report: operator mult_data[5]0 is absorbed into DSP mult_data[5]0.
DSP Report: Generating DSP mult_data[6]0, operation Mode is: A*(B:0x3fad2).
DSP Report: operator mult_data[6]0 is absorbed into DSP mult_data[6]0.
DSP Report: Generating DSP mult_data[7]0, operation Mode is: A*(B:0x3f903).
DSP Report: operator mult_data[7]0 is absorbed into DSP mult_data[7]0.
DSP Report: Generating DSP mult_data[0]0, operation Mode is: A*(B:0x2b).
DSP Report: operator mult_data[0]0 is absorbed into DSP mult_data[0]0.
---------------------------------------------------------------------------------
Finished Cross Boundary and Area Optimization : Time (s): cpu = 00:00:12 ; elapsed = 00:00:15 . Memory (MB): peak = 1412.973 ; gain = 0.000
---------------------------------------------------------------------------------
WARNING: [Synth 8-3323] Resources of type DSP have been overutilized. Used = 93, Available = 80. Use report_utilization command for details.
DSP Report: Generating DSP mult_data[9]0, operation Mode is (post resource management): A*(B:0x3fae7).
DSP Report: operator mult_data[9]0 is absorbed into DSP mult_data[9]0.
DSP Report: Generating DSP mult_data[10]0, operation Mode is (post resource management): A*(B:0x3fe4b).
DSP Report: operator mult_data[10]0 is absorbed into DSP mult_data[10]0.
DSP Report: Generating DSP mult_data[11]0, operation Mode is (post resource management): A*(B:0x17c).
DSP Report: operator mult_data[11]0 is absorbed into DSP mult_data[11]0.
DSP Report: Generating DSP mult_data[12]0, operation Mode is (post resource management): A*(B:0x2e7).
DSP Report: operator mult_data[12]0 is absorbed into DSP mult_data[12]0.
DSP Report: Generating DSP mult_data[13]0, operation Mode is (post resource management): A*(B:0x1ff).
DSP Report: operator mult_data[13]0 is absorbed into DSP mult_data[13]0.
DSP Report: Generating DSP mult_data[14]0, operation Mode is (post resource management): A*(B:0x3ffae).
DSP Report: operator mult_data[14]0 is absorbed into DSP mult_data[14]0.
DSP Report: Generating DSP mult_data[15]0, operation Mode is (post resource management): A*(B:0x3fdbd).
DSP Report: operator mult_data[15]0 is absorbed into DSP mult_data[15]0.
DSP Report: Generating DSP mult_data[8]0, operation Mode is (post resource management): A*(B:0x3f8e7).
DSP Report: operator mult_data[8]0 is absorbed into DSP mult_data[8]0.
DSP Report: Generating DSP mult_data[18]0, operation Mode is (post resource management): A*(B:0x17b).
DSP Report: operator mult_data[18]0 is absorbed into DSP mult_data[18]0.
DSP Report: Generating DSP mult_data[19]0, operation Mode is (post resource management): A*(B:0x263).
DSP Report: operator mult_data[19]0 is absorbed into DSP mult_data[19]0.
DSP Report: Generating DSP mult_data[20]0, operation Mode is (post resource management): A*(B:0x14f).
DSP Report: operator mult_data[20]0 is absorbed into DSP mult_data[20]0.
DSP Report: Generating DSP mult_data[22]0, operation Mode is (post resource management): A*(B:0x3fdad).
DSP Report: operator mult_data[22]0 is absorbed into DSP mult_data[22]0.
DSP Report: Generating DSP mult_data[23]0, operation Mode is (post resource management): A*(B:0x3fe2d).
DSP Report: operator mult_data[23]0 is absorbed into DSP mult_data[23]0.
DSP Report: Generating DSP mult_data[16]0, operation Mode is (post resource management): A*(B:0x3fd9a).
DSP Report: operator mult_data[16]0 is absorbed into DSP mult_data[16]0.
DSP Report: Generating DSP mult_data[25]0, operation Mode is (post resource management): A*(B:0x231).
DSP Report: operator mult_data[25]0 is absorbed into DSP mult_data[25]0.
DSP Report: Generating DSP mult_data[26]0, operation Mode is (post resource management): A*(B:0x249).
DSP Report: operator mult_data[26]0 is absorbed into DSP mult_data[26]0.
DSP Report: Generating DSP mult_data[28]0, operation Mode is (post resource management): A*(B:0x3fe0d).
DSP Report: operator mult_data[28]0 is absorbed into DSP mult_data[28]0.
DSP Report: Generating DSP mult_data[29]0, operation Mode is (post resource management): A*(B:0x3fd50).
DSP Report: operator mult_data[29]0 is absorbed into DSP mult_data[29]0.
DSP Report: Generating DSP mult_data[30]0, operation Mode is (post resource management): A*(B:0x3feea).
DSP Report: operator mult_data[30]0 is absorbed into DSP mult_data[30]0.
DSP Report: Generating DSP mult_data[31]0, operation Mode is (post resource management): A*(B:0x193).
DSP Report: operator mult_data[31]0 is absorbed into DSP mult_data[31]0.
DSP Report: Generating DSP mult_data[33]0, operation Mode is (post resource management): A*(B:0x1d9).
DSP Report: operator mult_data[33]0 is absorbed into DSP mult_data[33]0.
DSP Report: Generating DSP mult_data[34]0, operation Mode is (post resource management): A*(B:0x3fef8).
DSP Report: operator mult_data[34]0 is absorbed into DSP mult_data[34]0.
DSP Report: Generating DSP mult_data[35]0, operation Mode is (post resource management): A*(B:0x3fcd0).
DSP Report: operator mult_data[35]0 is absorbed into DSP mult_data[35]0.
DSP Report: Generating DSP mult_data[36]0, operation Mode is (post resource management): A*(B:0x3fd5a).
DSP Report: operator mult_data[36]0 is absorbed into DSP mult_data[36]0.
DSP Report: Generating DSP mult_data[38]0, operation Mode is (post resource management): A*(B:0x330).
DSP Report: operator mult_data[38]0 is absorbed into DSP mult_data[38]0.
DSP Report: Generating DSP mult_data[39]0, operation Mode is (post resource management): A*(B:0x36f).
DSP Report: operator mult_data[39]0 is absorbed into DSP mult_data[39]0.
DSP Report: Generating DSP mult_data[32]0, operation Mode is (post resource management): A*(B:0x300).
DSP Report: operator mult_data[32]0 is absorbed into DSP mult_data[32]0.
DSP Report: Generating DSP mult_data[41]0, operation Mode is (post resource management): A*(B:0x3fd0b).
DSP Report: operator mult_data[41]0 is absorbed into DSP mult_data[41]0.
DSP Report: Generating DSP mult_data[42]0, operation Mode is (post resource management): A*(B:0x3fbdb).
DSP Report: operator mult_data[42]0 is absorbed into DSP mult_data[42]0.
DSP Report: Generating DSP mult_data[43]0, operation Mode is (post resource management): A*(B:0x3fe4c).
DSP Report: operator mult_data[43]0 is absorbed into DSP mult_data[43]0.
DSP Report: Generating DSP mult_data[44]0, operation Mode is (post resource management): A*(B:0x276).
DSP Report: operator mult_data[44]0 is absorbed into DSP mult_data[44]0.
DSP Report: Generating DSP mult_data[45]0, operation Mode is (post resource management): A*(B:0x4bb).
DSP Report: operator mult_data[45]0 is absorbed into DSP mult_data[45]0.
DSP Report: Generating DSP mult_data[46]0, operation Mode is (post resource management): A*(B:0x2ec).
DSP Report: operator mult_data[46]0 is absorbed into DSP mult_data[46]0.
DSP Report: Generating DSP mult_data[47]0, operation Mode is (post resource management): A*(B:0x3fe58).
DSP Report: operator mult_data[47]0 is absorbed into DSP mult_data[47]0.
DSP Report: Generating DSP mult_data[49]0, operation Mode is (post resource management): A*(B:0x3fbc8).
DSP Report: operator mult_data[49]0 is absorbed into DSP mult_data[49]0.
DSP Report: Generating DSP mult_data[51]0, operation Mode is (post resource management): A*(B:0x52e).
DSP Report: operator mult_data[51]0 is absorbed into DSP mult_data[51]0.
DSP Report: Generating DSP mult_data[52]0, operation Mode is (post resource management): A*(B:0x587).
DSP Report: operator mult_data[52]0 is absorbed into DSP mult_data[52]0.
DSP Report: Generating DSP mult_data[54]0, operation Mode is (post resource management): A*(B:0x3fb19).
DSP Report: operator mult_data[54]0 is absorbed into DSP mult_data[54]0.
DSP Report: Generating DSP mult_data[55]0, operation Mode is (post resource management): A*(B:0x3f93c).
DSP Report: operator mult_data[55]0 is absorbed into DSP mult_data[55]0.
DSP Report: Generating DSP mult_data[48]0, operation Mode is (post resource management): A*(B:0x3fae7).
DSP Report: operator mult_data[48]0 is absorbed into DSP mult_data[48]0.
DSP Report: Generating DSP mult_data[57]0, operation Mode is (post resource management): A*(B:0x431).
DSP Report: operator mult_data[57]0 is absorbed into DSP mult_data[57]0.
DSP Report: Generating DSP mult_data[58]0, operation Mode is (post resource management): A*(B:0x7d6).
DSP Report: operator mult_data[58]0 is absorbed into DSP mult_data[58]0.
DSP Report: Generating DSP mult_data[59]0, operation Mode is (post resource management): A*(B:0x4b2).
DSP Report: operator mult_data[59]0 is absorbed into DSP mult_data[59]0.
DSP Report: Generating DSP mult_data[60]0, operation Mode is (post resource management): A*(B:0x3fd06).
DSP Report: operator mult_data[60]0 is absorbed into DSP mult_data[60]0.
DSP Report: Generating DSP mult_data[61]0, operation Mode is (post resource management): A*(B:0x3f75f).
DSP Report: operator mult_data[61]0 is absorbed into DSP mult_data[61]0.
DSP Report: Generating DSP mult_data[62]0, operation Mode is (post resource management): A*(B:0x3f90d).
DSP Report: operator mult_data[62]0 is absorbed into DSP mult_data[62]0.
DSP Report: Generating DSP mult_data[63]0, operation Mode is (post resource management): A*(B:0x134).
DSP Report: operator mult_data[63]0 is absorbed into DSP mult_data[63]0.
DSP Report: Generating DSP mult_data[56]0, operation Mode is (post resource management): A*(B:0x3fd55).
DSP Report: operator mult_data[56]0 is absorbed into DSP mult_data[56]0.
DSP Report: Generating DSP mult_data[65]0, operation Mode is (post resource management): A*(B:0x95d).
DSP Report: operator mult_data[65]0 is absorbed into DSP mult_data[65]0.
DSP Report: Generating DSP mult_data[66]0, operation Mode is (post resource management): A*(B:0x132).
DSP Report: operator mult_data[66]0 is absorbed into DSP mult_data[66]0.
DSP Report: Generating DSP mult_data[67]0, operation Mode is (post resource management): A*(B:0x3f71f).
DSP Report: operator mult_data[67]0 is absorbed into DSP mult_data[67]0.
DSP Report: Generating DSP mult_data[68]0, operation Mode is (post resource management): A*(B:0x3f423).
DSP Report: operator mult_data[68]0 is absorbed into DSP mult_data[68]0.
DSP Report: Generating DSP mult_data[69]0, operation Mode is (post resource management): A*(B:0x3fbb5).
DSP Report: operator mult_data[69]0 is absorbed into DSP mult_data[69]0.
DSP Report: Generating DSP mult_data[70]0, operation Mode is (post resource management): A*(B:0x80b).
DSP Report: operator mult_data[70]0 is absorbed into DSP mult_data[70]0.
DSP Report: Generating DSP mult_data[71]0, operation Mode is (post resource management): A*(B:0xe5e).
DSP Report: operator mult_data[71]0 is absorbed into DSP mult_data[71]0.
DSP Report: Generating DSP mult_data[64]0, operation Mode is (post resource management): A*(B:0x905).
DSP Report: operator mult_data[64]0 is absorbed into DSP mult_data[64]0.
DSP Report: Generating DSP mult_data[73]0, operation Mode is (post resource management): A*(B:0x3f9b4).
DSP Report: operator mult_data[73]0 is absorbed into DSP mult_data[73]0.
DSP Report: Generating DSP mult_data[74]0, operation Mode is (post resource management): A*(B:0x3ef39).
DSP Report: operator mult_data[74]0 is absorbed into DSP mult_data[74]0.
DSP Report: Generating DSP mult_data[75]0, operation Mode is (post resource management): A*(B:0x3f2f0).
DSP Report: operator mult_data[75]0 is absorbed into DSP mult_data[75]0.
DSP Report: Generating DSP mult_data[76]0, operation Mode is (post resource management): A*(B:0x355).
DSP Report: operator mult_data[76]0 is absorbed into DSP mult_data[76]0.
DSP Report: Generating DSP mult_data[77]0, operation Mode is (post resource management): A*(B:0x1302).
DSP Report: operator mult_data[77]0 is absorbed into DSP mult_data[77]0.
DSP Report: Generating DSP mult_data[78]0, operation Mode is (post resource management): A*(B:0x1344).
DSP Report: operator mult_data[78]0 is absorbed into DSP mult_data[78]0.
DSP Report: Generating DSP mult_data[79]0, operation Mode is (post resource management): A*(B:0x164).
DSP Report: operator mult_data[79]0 is absorbed into DSP mult_data[79]0.
DSP Report: Generating DSP mult_data[72]0, operation Mode is (post resource management): A*(B:0x830).
DSP Report: operator mult_data[72]0 is absorbed into DSP mult_data[72]0.
DSP Report: Generating DSP mult_data[81]0, operation Mode is (post resource management): A*(B:0x3e467).
DSP Report: operator mult_data[81]0 is absorbed into DSP mult_data[81]0.
DSP Report: Generating DSP mult_data[82]0, operation Mode is (post resource management): A*(B:0x3f6f6).
DSP Report: operator mult_data[82]0 is absorbed into DSP mult_data[82]0.
DSP Report: Generating DSP mult_data[83]0, operation Mode is (post resource management): A*(B:0x1697).
DSP Report: operator mult_data[83]0 is absorbed into DSP mult_data[83]0.
DSP Report: Generating DSP mult_data[84]0, operation Mode is (post resource management): A*(B:0x2826).
DSP Report: operator mult_data[84]0 is absorbed into DSP mult_data[84]0.
DSP Report: Generating DSP mult_data[85]0, operation Mode is (post resource management): A*(B:0x16b9).
DSP Report: operator mult_data[85]0 is absorbed into DSP mult_data[85]0.
DSP Report: Generating DSP mult_data[86]0, operation Mode is (post resource management): A*(B:0x3e834).
DSP Report: operator mult_data[86]0 is absorbed into DSP mult_data[86]0.
DSP Report: Generating DSP mult_data[87]0, operation Mode is (post resource management): A*(B:0x3bfc2).
DSP Report: operator mult_data[87]0 is absorbed into DSP mult_data[87]0.
DSP Report: Generating DSP mult_data[80]0, operation Mode is (post resource management): A*(B:0x3eb07).
DSP Report: operator mult_data[80]0 is absorbed into DSP mult_data[80]0.
DSP Report: Generating DSP mult_data[89]0, operation Mode is (post resource management): A*(B:0x188a).
DSP Report: operator mult_data[89]0 is absorbed into DSP mult_data[89]0.
DSP Report: Generating DSP mult_data[90]0, operation Mode is (post resource management): A*(B:0x97c1).
DSP Report: operator mult_data[90]0 is absorbed into DSP mult_data[90]0.
DSP Report: Generating DSP signal_out3, operation Mode is (post resource management): A*(B:0x10d09).
DSP Report: operator signal_out3 is absorbed into DSP signal_out3.
DSP Report: Generating DSP signal_out2, operation Mode is (post resource management): (A:0x13c8b)*B.
DSP Report: operator signal_out2 is absorbed into DSP signal_out2.
DSP Report: Generating DSP mult_data[88]0, operation Mode is (post resource management): A*(B:0x3c908).
DSP Report: operator mult_data[88]0 is absorbed into DSP mult_data[88]0.
DSP Report: Generating DSP mult_data[5]0, operation Mode is (post resource management): A*(B:0x3fd42).
DSP Report: operator mult_data[5]0 is absorbed into DSP mult_data[5]0.
DSP Report: Generating DSP mult_data[6]0, operation Mode is (post resource management): A*(B:0x3fad2).
DSP Report: operator mult_data[6]0 is absorbed into DSP mult_data[6]0.
DSP Report: Generating DSP mult_data[7]0, operation Mode is (post resource management): A*(B:0x3f903).
DSP Report: operator mult_data[7]0 is absorbed into DSP mult_data[7]0.
---------------------------------------------------------------------------------
Start ROM, RAM, DSP, Shift Register and Retiming Reporting
---------------------------------------------------------------------------------

DSP: Preliminary Mapping Report (see note below. The ' indicates corresponding REG is set)
+------------+---------------+--------+--------+--------+--------+--------+------+------+------+------+-------+------+------+
|Module Name | DSP Mapping   | A Size | B Size | C Size | D Size | P Size | AREG | BREG | CREG | DREG | ADREG | MREG | PREG | 
+------------+---------------+--------+--------+--------+--------+--------+------+------+------+------+-------+------+------+
|FIR_Design  | A*(B:0x3fae7) | 18     | 12     | -      | -      | 30     | 0    | 0    | -    | -    | -     | 0    | 0    | 
|FIR_Design  | A*(B:0x3fe4b) | 18     | 10     | -      | -      | 28     | 0    | 0    | -    | -    | -     | 0    | 0    | 
|FIR_Design  | A*(B:0x17c)   | 18     | 10     | -      | -      | 28     | 0    | 0    | -    | -    | -     | 0    | 0    | 
|FIR_Design  | A*(B:0x2e7)   | 18     | 11     | -      | -      | 29     | 0    | 0    | -    | -    | -     | 0    | 0    | 
|FIR_Design  | A*(B:0x1ff)   | 18     | 10     | -      | -      | 28     | 0    | 0    | -    | -    | -     | 0    | 0    | 
|FIR_Design  | A*(B:0x3ffae) | 18     | 8      | -      | -      | 26     | 0    | 0    | -    | -    | -     | 0    | 0    | 
|FIR_Design  | A*(B:0x3fdbd) | 18     | 11     | -      | -      | 29     | 0    | 0    | -    | -    | -     | 0    | 0    | 
|FIR_Design  | A*(B:0x3f8e7) | 18     | 12     | -      | -      | 30     | 0    | 0    | -    | -    | -     | 0    | 0    | 
|FIR_Design  | A*(B:0x3ff4f) | 18     | 9      | -      | -      | 27     | 0    | 0    | -    | -    | -     | 0    | 0    | 
|FIR_Design  | A*(B:0x17b)   | 18     | 10     | -      | -      | 28     | 0    | 0    | -    | -    | -     | 0    | 0    | 
|FIR_Design  | A*(B:0x263)   | 18     | 11     | -      | -      | 29     | 0    | 0    | -    | -    | -     | 0    | 0    | 
|FIR_Design  | A*(B:0x14f)   | 18     | 10     | -      | -      | 28     | 0    | 0    | -    | -    | -     | 0    | 0    | 
|FIR_Design  | A*(B:0x3ff23) | 18     | 9      | -      | -      | 27     | 0    | 0    | -    | -    | -     | 0    | 0    | 
|FIR_Design  | A*(B:0x3fdad) | 18     | 11     | -      | -      | 29     | 0    | 0    | -    | -    | -     | 0    | 0    | 
|FIR_Design  | A*(B:0x3fe2d) | 18     | 10     | -      | -      | 28     | 0    | 0    | -    | -    | -     | 0    | 0    | 
|FIR_Design  | A*(B:0x3fd9a) | 18     | 11     | -      | -      | 29     | 0    | 0    | -    | -    | -     | 0    | 0    | 
|FIR_Design  | A*(B:0x231)   | 18     | 11     | -      | -      | 29     | 0    | 0    | -    | -    | -     | 0    | 0    | 
|FIR_Design  | A*(B:0x249)   | 18     | 11     | -      | -      | 29     | 0    | 0    | -    | -    | -     | 0    | 0    | 
|FIR_Design  | A*(B:0x62)    | 18     | 8      | -      | -      | 26     | 0    | 0    | -    | -    | -     | 0    | 0    | 
|FIR_Design  | A*(B:0x3fe0d) | 18     | 10     | -      | -      | 28     | 0    | 0    | -    | -    | -     | 0    | 0    | 
|FIR_Design  | A*(B:0x3fd50) | 18     | 11     | -      | -      | 29     | 0    | 0    | -    | -    | -     | 0    | 0    | 
|FIR_Design  | A*(B:0x3feea) | 18     | 10     | -      | -      | 28     | 0    | 0    | -    | -    | -     | 0    | 0    | 
|FIR_Design  | A*(B:0x193)   | 18     | 10     | -      | -      | 28     | 0    | 0    | -    | -    | -     | 0    | 0    | 
|FIR_Design  | A*(B:0x43)    | 18     | 8      | -      | -      | 26     | 0    | 0    | -    | -    | -     | 0    | 0    | 
|FIR_Design  | A*(B:0x1d9)   | 18     | 10     | -      | -      | 28     | 0    | 0    | -    | -    | -     | 0    | 0    | 
|FIR_Design  | A*(B:0x3fef8) | 18     | 10     | -      | -      | 28     | 0    | 0    | -    | -    | -     | 0    | 0    | 
|FIR_Design  | A*(B:0x3fcd0) | 18     | 11     | -      | -      | 29     | 0    | 0    | -    | -    | -     | 0    | 0    | 
|FIR_Design  | A*(B:0x3fd5a) | 18     | 11     | -      | -      | 29     | 0    | 0    | -    | -    | -     | 0    | 0    | 
|FIR_Design  | A*(B:0x4c)    | 18     | 8      | -      | -      | 26     | 0    | 0    | -    | -    | -     | 0    | 0    | 
|FIR_Design  | A*(B:0x330)   | 18     | 11     | -      | -      | 29     | 0    | 0    | -    | -    | -     | 0    | 0    | 
|FIR_Design  | A*(B:0x36f)   | 18     | 11     | -      | -      | 29     | 0    | 0    | -    | -    | -     | 0    | 0    | 
|FIR_Design  | A*(B:0x300)   | 18     | 11     | -      | -      | 29     | 0    | 0    | -    | -    | -     | 0    | 0    | 
|FIR_Design  | A*(B:0x3fd0b) | 18     | 11     | -      | -      | 29     | 0    | 0    | -    | -    | -     | 0    | 0    | 
|FIR_Design  | A*(B:0x3fbdb) | 18     | 12     | -      | -      | 30     | 0    | 0    | -    | -    | -     | 0    | 0    | 
|FIR_Design  | A*(B:0x3fe4c) | 18     | 10     | -      | -      | 28     | 0    | 0    | -    | -    | -     | 0    | 0    | 
|FIR_Design  | A*(B:0x276)   | 18     | 11     | -      | -      | 29     | 0    | 0    | -    | -    | -     | 0    | 0    | 
|FIR_Design  | A*(B:0x4bb)   | 18     | 12     | -      | -      | 30     | 0    | 0    | -    | -    | -     | 0    | 0    | 
|FIR_Design  | A*(B:0x2ec)   | 18     | 11     | -      | -      | 29     | 0    | 0    | -    | -    | -     | 0    | 0    | 
|FIR_Design  | A*(B:0x3fe58) | 18     | 10     | -      | -      | 28     | 0    | 0    | -    | -    | -     | 0    | 0    | 
|FIR_Design  | A*(B:0x9f)    | 18     | 9      | -      | -      | 27     | 0    | 0    | -    | -    | -     | 0    | 0    | 
|FIR_Design  | A*(B:0x3fbc8) | 18     | 12     | -      | -      | 30     | 0    | 0    | -    | -    | -     | 0    | 0    | 
|FIR_Design  | A*(B:0x88)    | 18     | 9      | -      | -      | 27     | 0    | 0    | -    | -    | -     | 0    | 0    | 
|FIR_Design  | A*(B:0x52e)   | 18     | 12     | -      | -      | 30     | 0    | 0    | -    | -    | -     | 0    | 0    | 
|FIR_Design  | A*(B:0x587)   | 18     | 12     | -      | -      | 30     | 0    | 0    | -    | -    | -     | 0    | 0    | 
|FIR_Design  | A*(B:0xea)    | 18     | 9      | -      | -      | 27     | 0    | 0    | -    | -    | -     | 0    | 0    | 
|FIR_Design  | A*(B:0x3fb19) | 18     | 12     | -      | -      | 30     | 0    | 0    | -    | -    | -     | 0    | 0    | 
|FIR_Design  | A*(B:0x3f93c) | 18     | 12     | -      | -      | 30     | 0    | 0    | -    | -    | -     | 0    | 0    | 
|FIR_Design  | A*(B:0x3fae7) | 18     | 12     | -      | -      | 30     | 0    | 0    | -    | -    | -     | 0    | 0    | 
|FIR_Design  | A*(B:0x431)   | 18     | 12     | -      | -      | 30     | 0    | 0    | -    | -    | -     | 0    | 0    | 
|FIR_Design  | A*(B:0x7d6)   | 18     | 12     | -      | -      | 30     | 0    | 0    | -    | -    | -     | 0    | 0    | 
|FIR_Design  | A*(B:0x4b2)   | 18     | 12     | -      | -      | 30     | 0    | 0    | -    | -    | -     | 0    | 0    | 
|FIR_Design  | A*(B:0x3fd06) | 18     | 11     | -      | -      | 29     | 0    | 0    | -    | -    | -     | 0    | 0    | 
|FIR_Design  | A*(B:0x3f75f) | 18     | 13     | -      | -      | 31     | 0    | 0    | -    | -    | -     | 0    | 0    | 
|FIR_Design  | A*(B:0x3f90d) | 18     | 12     | -      | -      | 30     | 0    | 0    | -    | -    | -     | 0    | 0    | 
|FIR_Design  | A*(B:0x134)   | 18     | 10     | -      | -      | 28     | 0    | 0    | -    | -    | -     | 0    | 0    | 
|FIR_Design  | A*(B:0x3fd55) | 18     | 11     | -      | -      | 29     | 0    | 0    | -    | -    | -     | 0    | 0    | 
|FIR_Design  | A*(B:0x95d)   | 18     | 13     | -      | -      | 31     | 0    | 0    | -    | -    | -     | 0    | 0    | 
|FIR_Design  | A*(B:0x132)   | 18     | 10     | -      | -      | 28     | 0    | 0    | -    | -    | -     | 0    | 0    | 
|FIR_Design  | A*(B:0x3f71f) | 18     | 13     | -      | -      | 31     | 0    | 0    | -    | -    | -     | 0    | 0    | 
|FIR_Design  | A*(B:0x3f423) | 18     | 13     | -      | -      | 31     | 0    | 0    | -    | -    | -     | 0    | 0    | 
|FIR_Design  | A*(B:0x3fbb5) | 18     | 12     | -      | -      | 30     | 0    | 0    | -    | -    | -     | 0    | 0    | 
|FIR_Design  | A*(B:0x80b)   | 18     | 13     | -      | -      | 31     | 0    | 0    | -    | -    | -     | 0    | 0    | 
|FIR_Design  | A*(B:0xe5e)   | 18     | 13     | -      | -      | 31     | 0    | 0    | -    | -    | -     | 0    | 0    | 
|FIR_Design  | A*(B:0x905)   | 18     | 13     | -      | -      | 31     | 0    | 0    | -    | -    | -     | 0    | 0    | 
|FIR_Design  | A*(B:0x3f9b4) | 18     | 12     | -      | -      | 30     | 0    | 0    | -    | -    | -     | 0    | 0    | 
|FIR_Design  | A*(B:0x3ef39) | 18     | 14     | -      | -      | 32     | 0    | 0    | -    | -    | -     | 0    | 0    | 
|FIR_Design  | A*(B:0x3f2f0) | 18     | 13     | -      | -      | 31     | 0    | 0    | -    | -    | -     | 0    | 0    | 
|FIR_Design  | A*(B:0x355)   | 18     | 11     | -      | -      | 29     | 0    | 0    | -    | -    | -     | 0    | 0    | 
|FIR_Design  | A*(B:0x1302)  | 18     | 14     | -      | -      | 32     | 0    | 0    | -    | -    | -     | 0    | 0    | 
|FIR_Design  | A*(B:0x1344)  | 18     | 14     | -      | -      | 32     | 0    | 0    | -    | -    | -     | 0    | 0    | 
|FIR_Design  | A*(B:0x164)   | 18     | 10     | -      | -      | 28     | 0    | 0    | -    | -    | -     | 0    | 0    | 
|FIR_Design  | A*(B:0x830)   | 18     | 13     | -      | -      | 31     | 0    | 0    | -    | -    | -     | 0    | 0    | 
|FIR_Design  | A*(B:0x3e467) | 18     | 14     | -      | -      | 32     | 0    | 0    | -    | -    | -     | 0    | 0    | 
|FIR_Design  | A*(B:0x3f6f6) | 18     | 13     | -      | -      | 31     | 0    | 0    | -    | -    | -     | 0    | 0    | 
|FIR_Design  | A*(B:0x1697)  | 18     | 14     | -      | -      | 32     | 0    | 0    | -    | -    | -     | 0    | 0    | 
|FIR_Design  | A*(B:0x2826)  | 18     | 15     | -      | -      | 33     | 0    | 0    | -    | -    | -     | 0    | 0    | 
|FIR_Design  | A*(B:0x16b9)  | 18     | 14     | -      | -      | 32     | 0    | 0    | -    | -    | -     | 0    | 0    | 
|FIR_Design  | A*(B:0x3e834) | 18     | 14     | -      | -      | 32     | 0    | 0    | -    | -    | -     | 0    | 0    | 
|FIR_Design  | A*(B:0x3bfc2) | 18     | 16     | -      | -      | 34     | 0    | 0    | -    | -    | -     | 0    | 0    | 
|FIR_Design  | A*(B:0x3eb07) | 18     | 14     | -      | -      | 32     | 0    | 0    | -    | -    | -     | 0    | 0    | 
|FIR_Design  | A*(B:0x188a)  | 18     | 14     | -      | -      | 32     | 0    | 0    | -    | -    | -     | 0    | 0    | 
|FIR_Design  | A*(B:0x97c1)  | 18     | 17     | -      | -      | 35     | 0    | 0    | -    | -    | -     | 0    | 0    | 
|FIR_Design  | A*(B:0x10d09) | 18     | 18     | -      | -      | 36     | 0    | 0    | -    | -    | -     | 0    | 0    | 
|FIR_Design  | (A:0x13c8b)*B | 17     | 18     | -      | -      | 36     | 0    | 0    | -    | -    | -     | 0    | 0    | 
|FIR_Design  | A*(B:0x3c908) | 18     | 15     | -      | -      | 33     | 0    | 0    | -    | -    | -     | 0    | 0    | 
|FIR_Design  | A*(B:0x6d)    | 18     | 8      | -      | -      | 26     | 0    | 0    | -    | -    | -     | 0    | 0    | 
|FIR_Design  | A*(B:0xa1)    | 18     | 9      | -      | -      | 27     | 0    | 0    | -    | -    | -     | 0    | 0    | 
|FIR_Design  | A*(B:0x61)    | 18     | 8      | -      | -      | 26     | 0    | 0    | -    | -    | -     | 0    | 0    | 
|FIR_Design  | A*(B:0x3ff48) | 18     | 9      | -      | -      | 27     | 0    | 0    | -    | -    | -     | 0    | 0    | 
|FIR_Design  | A*(B:0x3fd42) | 18     | 11     | -      | -      | 29     | 0    | 0    | -    | -    | -     | 0    | 0    | 
|FIR_Design  | A*(B:0x3fad2) | 18     | 12     | -      | -      | 30     | 0    | 0    | -    | -    | -     | 0    | 0    | 
|FIR_Design  | A*(B:0x3f903) | 18     | 12     | -      | -      | 30     | 0    | 0    | -    | -    | -     | 0    | 0    | 
|FIR_Design  | A*(B:0x2b)    | 18     | 7      | -      | -      | 25     | 0    | 0    | -    | -    | -     | 0    | 0    | 
+------------+---------------+--------+--------+--------+--------+--------+------+------+------+------+-------+------+------+

Note: The table above is a preliminary report that shows the DSPs inferred at the current stage of the synthesis flow. Some DSP may be reimplemented as non DSP primitives later in the synthesis flow. Multiple instantiated DSPs are reported only once.
---------------------------------------------------------------------------------
Finished ROM, RAM, DSP, Shift Register and Retiming Reporting
---------------------------------------------------------------------------------
No constraint files found.
---------------------------------------------------------------------------------
Start Timing Optimization
---------------------------------------------------------------------------------
---------------------------------------------------------------------------------
Finished Timing Optimization : Time (s): cpu = 00:00:13 ; elapsed = 00:00:16 . Memory (MB): peak = 1412.973 ; gain = 0.000
---------------------------------------------------------------------------------
---------------------------------------------------------------------------------
Start Technology Mapping
---------------------------------------------------------------------------------
---------------------------------------------------------------------------------
Finished Technology Mapping : Time (s): cpu = 00:00:14 ; elapsed = 00:00:17 . Memory (MB): peak = 1412.973 ; gain = 0.000
---------------------------------------------------------------------------------
---------------------------------------------------------------------------------
Start IO Insertion
---------------------------------------------------------------------------------
---------------------------------------------------------------------------------
Start Flattening Before IO Insertion
---------------------------------------------------------------------------------
---------------------------------------------------------------------------------
Finished Flattening Before IO Insertion
---------------------------------------------------------------------------------
---------------------------------------------------------------------------------
Start Final Netlist Cleanup
---------------------------------------------------------------------------------
---------------------------------------------------------------------------------
Finished Final Netlist Cleanup
---------------------------------------------------------------------------------
---------------------------------------------------------------------------------
Finished IO Insertion : Time (s): cpu = 00:00:17 ; elapsed = 00:00:20 . Memory (MB): peak = 1412.973 ; gain = 0.000
---------------------------------------------------------------------------------
---------------------------------------------------------------------------------
Start Renaming Generated Instances
---------------------------------------------------------------------------------
---------------------------------------------------------------------------------
Finished Renaming Generated Instances : Time (s): cpu = 00:00:17 ; elapsed = 00:00:20 . Memory (MB): peak = 1412.973 ; gain = 0.000
---------------------------------------------------------------------------------
---------------------------------------------------------------------------------
Start Rebuilding User Hierarchy
---------------------------------------------------------------------------------
---------------------------------------------------------------------------------
Finished Rebuilding User Hierarchy : Time (s): cpu = 00:00:18 ; elapsed = 00:00:20 . Memory (MB): peak = 1412.973 ; gain = 0.000
---------------------------------------------------------------------------------
---------------------------------------------------------------------------------
Start Renaming Generated Ports
---------------------------------------------------------------------------------
---------------------------------------------------------------------------------
Finished Renaming Generated Ports : Time (s): cpu = 00:00:18 ; elapsed = 00:00:20 . Memory (MB): peak = 1412.973 ; gain = 0.000
---------------------------------------------------------------------------------
---------------------------------------------------------------------------------
Start Handling Custom Attributes
---------------------------------------------------------------------------------
---------------------------------------------------------------------------------
Finished Handling Custom Attributes : Time (s): cpu = 00:00:18 ; elapsed = 00:00:20 . Memory (MB): peak = 1412.973 ; gain = 0.000
---------------------------------------------------------------------------------
---------------------------------------------------------------------------------
Start Renaming Generated Nets
---------------------------------------------------------------------------------
---------------------------------------------------------------------------------
Finished Renaming Generated Nets : Time (s): cpu = 00:00:18 ; elapsed = 00:00:20 . Memory (MB): peak = 1412.973 ; gain = 0.000
---------------------------------------------------------------------------------
---------------------------------------------------------------------------------
Start Writing Synthesis Report
---------------------------------------------------------------------------------

Report BlackBoxes: 
+-+--------------+----------+
| |BlackBox name |Instances |
+-+--------------+----------+
+-+--------------+----------+

Report Cell Usage: 
+------+--------+------+
|      |Cell    |Count |
+------+--------+------+
|1     |BUFG    |     1|
|2     |CARRY4  |  1163|
|3     |DSP48E1 |    80|
|4     |LUT1    |   107|
|5     |LUT2    |  1863|
|6     |LUT3    |  1505|
|7     |LUT4    |  1130|
|8     |LUT5    |   509|
|9     |LUT6    |   484|
|10    |FDCE    |  2960|
|11    |IBUF    |    18|
|12    |OBUF    |    43|
+------+--------+------+

Report Instance Areas: 
+------+---------+-------+------+
|      |Instance |Module |Cells |
+------+---------+-------+------+
|1     |top      |       |  9863|
+------+---------+-------+------+
---------------------------------------------------------------------------------
Finished Writing Synthesis Report : Time (s): cpu = 00:00:18 ; elapsed = 00:00:20 . Memory (MB): peak = 1412.973 ; gain = 0.000
---------------------------------------------------------------------------------
Synthesis finished with 0 errors, 0 critical warnings and 2 warnings.
Synthesis Optimization Runtime : Time (s): cpu = 00:00:18 ; elapsed = 00:00:20 . Memory (MB): peak = 1412.973 ; gain = 0.000
Synthesis Optimization Complete : Time (s): cpu = 00:00:18 ; elapsed = 00:00:20 . Memory (MB): peak = 1412.973 ; gain = 0.000
INFO: [Project 1-571] Translating synthesized netlist
Netlist sorting complete. Time (s): cpu = 00:00:00 ; elapsed = 00:00:00.097 . Memory (MB): peak = 1412.973 ; gain = 0.000
INFO: [Netlist 29-17] Analyzing 1243 Unisim elements for replacement
INFO: [Netlist 29-28] Unisim Transformation completed in 0 CPU seconds
WARNING: [Netlist 29-101] Netlist 'FIR_Design' is not ideal for floorplanning, since the cellview 'FIR_Design' contains a large number of primitives.  Please consider enabling hierarchy in synthesis if you want to do floorplanning.
INFO: [Project 1-570] Preparing netlist for logic optimization
INFO: [Opt 31-138] Pushed 0 inverter(s) to 0 load pin(s).
Netlist sorting complete. Time (s): cpu = 00:00:00 ; elapsed = 00:00:00.001 . Memory (MB): peak = 1412.973 ; gain = 0.000
INFO: [Project 1-111] Unisim Transformation Summary:
No Unisim elements were transformed.

Synth Design complete, checksum: 512a953f
INFO: [Common 17-83] Releasing license: Synthesis
17 Infos, 4 Warnings, 0 Critical Warnings and 0 Errors encountered.
synth_design completed successfully
synth_design: Time (s): cpu = 00:00:20 ; elapsed = 00:00:23 . Memory (MB): peak = 1412.973 ; gain = 0.000
INFO: [Common 17-1381] The checkpoint 'C:/Xilinx/myproject/Fir_Design/Fir_Design.runs/synth_1/FIR_Design.dcp' has been generated.
INFO: [runtcl-4] Executing : report_utilization -file FIR_Design_utilization_synth.rpt -pb FIR_Design_utilization_synth.pb
INFO: [Common 17-206] Exiting Vivado at Thu Mar 31 17:57:52 2022...
