Time resolution is 1 ps
1001100000010010
1000100000000010
0111111101011111
1000011001001101
1001010110000100
1001110101111010
1001010110100010
1000010011011001
0111101010100110
1000000000000000
1000111001111111
1001011010101111
1000111100111001
0111111000010110
0111001010110011
0111011011001110
1000010011101010
1000110110110101
1000011100010111
0111011000011100
0110101000001000
0110110101010110
0111101101111000
1000010101001100
1000000000000000
0110111110110001
0110001101100111
0110011001010000
0111010011001110
1000000000000000
0111110001100011
0110110100100000
0110000011110100
0110001110110100
0111001010110011
0111111101100001
0111110110010110
0110111110000100
0110001110001011
0110011000011100
0111010110000001
1000001110000110
1000001101101101
0111011001101100
0110101001111011
0110110010011001
0111110000001001
1000101100000101
1000110001000100
1000000000000000
0111001110111011
0111010011111010
1000001111110110
1001001101100110
1001010110000100
1000100110010011
0111110010010010
0111110001111001
1000101001111110
1001100111100011
1001110001110100
1001000001111011
1000001001101001
1000000010011110
1000110101001100
1001110001001011
1001111100001011
1001001011011111
1000001110011100
0111111111111111
1000101100110001
1001100110101111
1001110010011000
1001000001001110
1000000000000000
0111101010110011
1000010010000111
1001001010101001
1001010111110111
1000100111100011
0111100011101000
0111001001001010
0111101100010101
1000100100110001
1000110101001100
1000000111101001
0111000011000110
0110100101010000
0111000110000000
0111111111111111
1000010101011001
0111101100100110
0110101001011101
0110001010000101
0110101001111011
0111100110110010
1000000010100000
0111011111111101
0110011111101101
0110000000000000
0110011111101101
0111011111111101
1000000010100000
0111100110110010
0110101001111011
0110001010000101
0110101001011101
0111101100100110
1000010101011001
0111111111111111
0111000110000000
0110100101010000
0111000011000110
1000000111101001
1000110101001100
1000100100110001
0111101100010101
0111001001001010
0111100011101000
1000100111100011
1001010111110111
1001001010101001
1000010010000111
0111101010110011
0111111111111111
1001000001001110
1001110010011000
1001100110101111
1000101100110001
1000000000000000
1000001110011100
1001001011011111
1001111100001011
1001110001001011
1000110101001100
1000000010011110
1000001001101001
1001000001111011
1001110001110100
1001100111100011
1000101001111110
0111110001111001
0111110010010010
1000100110010011
1001010110000100
1001001101100110
1000001111110110
0111010011111010
0111001110111011
0111111111111111
1000110001000100
1000101100000101
0111110000001001
0110110010011001
0110101001111011
0111011001101100
1000001101101101
1000001110000110
0111010110000001
0110011000011100
0110001110001011
0110111110000100
0111110110010110
0111111101100001
0111001010110011
0110001110110100
0110000011110100
0110110100100000
0111110001100011
0111111111111111
0111010011001110
0110011001010000
0110001101100111
0110111110110001
0111111111111111
1000010101001100
0111101101111000
0110110101010110
0110101000001000
0111011000011100
1000011100010111
1000110110110101
1000010011101010
0111011011001110
0111001010110011
0111111000010110
1000111100111001
1001011010101111
1000111001111111
0111111111111111
0111101010100110
1000010011011001
1001010110100010
1001110101111010
1001010110000100
1000011001001101
0111111101011111
1000100000000010
1001100000010010
1001111111111111
1001100000010010
1000100000000010
0111111101011111
1000011001001101
1001010110000100
1001110101111010
1001010110100010
1000010011011001
0111101010100110
0111111111111111
1000111001111111
1001011010101111
1000111100111001
0111111000010110
0111001010110011
0111011011001110
1000010011101010
1000110110110101
1000011100010111
0111011000011100
0110101000001000
0110110101010110
0111101101111000
1000010101001100
1000000000000000
0110111110110001
0110001101100111
0110011001010000
0111010011001110
0111111111111111
0111110001100011
0110110100100000
0110000011110100
0110001110110100
0111001010110011
0111111101100001
0111110110010110
0110111110000100
0110001110001011
0110011000011100
0111010110000001
1000001110000110
1000001101101101
0111011001101100
0110101001111011
0110110010011001
0111110000001001
1000101100000101
1000110001000100
1000000000000000
0111001110111011
0111010011111010
1000001111110110
1001001101100110
1001010110000100
1000100110010011
0111110010010010
0111110001111001
1000101001111110
1001100111100011
1001110001110100
1001000001111011
1000001001101001
1000000010011110
1000110101001100
1001110001001011
1001111100001011
1001001011011111
1000001110011100
0111111111111111
1000101100110001
1001100110101111
1001110010011000
1001000001001110
0111111111111111
0111101010110011
1000010010000111
1001001010101001
1001010111110111
1000100111100011
0111100011101000
0111001001001010
0111101100010101
1000100100110001
1000110101001100
1000000111101001
0111000011000110
0110100101010000
0111000110000000
0111111111111111
1000010101011001
0111101100100110
0110101001011101
0110001010000101
0110101001111011
0111100110110010
1000000010100000
0111011111111101
0110011111101101
0110000000000000
0110011111101101
0111011111111101
1000000010100000
0111100110110010
0110101001111011
0110001010000101
0110101001011101
0111101100100110
1000010101011001
1000000000000000
0111000110000000
0110100101010000
0111000011000110
1000000111101001
1000110101001100
1000100100110001
0111101100010101
0111001001001010
0111100011101000
1000100111100011
1001010111110111
1001001010101001
1000010010000111
0111101010110011
0111111111111111
1001000001001110
1001110010011000
1001100110101111
1000101100110001
1000000000000000
1000001110011100
1001001011011111
1001111100001011
1001110001001011
1000110101001100
1000000010011110
1000001001101001
1001000001111011
1001110001110100
1001100111100011
1000101001111110
0111110001111001
0111110010010010
1000100110010011
1001010110000100
1001001101100110
1000001111110110
0111010011111010
0111001110111011
0111111111111111
1000110001000100
1000101100000101
0111110000001001
0110110010011001
0110101001111011
0111011001101100
1000001101101101
1000001110000110
0111010110000001
0110011000011100
0110001110001011
0110111110000100
0111110110010110
0111111101100001
0111001010110011
0110001110110100
0110000011110100
0110110100100000
0111110001100011
1000000000000000
0111010011001110
0110011001010000
0110001101100111
0110111110110001
1000000000000000
1000010101001100
0111101101111000
0110110101010110
0110101000001000
0111011000011100
1000011100010111
1000110110110101
1000010011101010
0111011011001110
0111001010110011
0111111000010110
1000111100111001
1001011010101111
1000111001111111
1000000000000000
0111101010100110
1000010011011001
1001010110100010
1001110101111010
1001010110000100
1000011001001101
0111111101011111
1000100000000010
1001100000010010
1001111111111111
1001100000010010
1000100000000010
0111111101011111
1000011001001101
1001010110000100
1001110101111010
1001010110100010
1000010011011001
0111101010100110
0111111111111111
1000111001111111
1001011010101111
1000111100111001
0111111000010110
0111001010110011
0111011011001110
1000010011101010
1000110110110101
1000011100010111
0111011000011100
0110101000001000
0110110101010110
0111101101111000
1000010101001100
1000000000000000
0110111110110001
0110001101100111
0110011001010000
0111010011001110
0111111111111111
0111110001100011
0110110100100000
0110000011110100
0110001110110100
0111001010110011
0111111101100001
0111110110010110
0110111110000100
0110001110001011
0110011000011100
0111010110000001
1000001110000110
1000001101101101
0111011001101100
0110101001111011
0110110010011001
0111110000001001
1000101100000101
1000110001000100
1000000000000000
0111001110111011
0111010011111010
1000001111110110
1001001101100110
1001010110000100
1000100110010011
0111110010010010
0111110001111001
1000101001111110
1001100111100011
1001110001110100
1001000001111011
1000001001101001
1000000010011110
1000110101001100
1001110001001011
1001111100001011
1001001011011111
1000001110011100
0111111111111111
1000101100110001
1001100110101111
1001110010011000
1001000001001110
1000000000000000
0111101010110011
1000010010000111
1001001010101001
1001010111110111
1000100111100011
0111100011101000
0111001001001010
0111101100010101
1000100100110001
1000110101001100
1000000111101001
0111000011000110
0110100101010000
0111000110000000
0111111111111111
1000010101011001
0111101100100110
0110101001011101
0110001010000101
0110101001111011
0111100110110010
1000000010100000
0111011111111101
0110011111101101
0110000000000000
0110011111101101
0111011111111101
1000000010100000
0111100110110010
0110101001111011
0110001010000101
0110101001011101
0111101100100110
1000010101011001
1000000000000000
0111000110000000
0110100101010000
0111000011000110
1000000111101001
1000110101001100
1000100100110001
0111101100010101
0111001001001010
0111100011101000
1000100111100011
1001010111110111
1001001010101001
1000010010000111
0111101010110011
0111111111111111
1001000001001110
1001110010011000
1001100110101111
1000101100110001
1000000000000000
1000001110011100
1001001011011111
1001111100001011
1001110001001011
1000110101001100
1000000010011110
1000001001101001
1001000001111011
1001110001110100
1001100111100011
1000101001111110
0111110001111001
0111110010010010
1000100110010011
1001010110000100
1001001101100110
1000001111110110
0111010011111010
0111001110111011
1000000000000000
1000110001000100
1000101100000101
0111110000001001
0110110010011001
0110101001111011
0111011001101100
1000001101101101
1000001110000110
0111010110000001
0110011000011100
0110001110001011
0110111110000100
0111110110010110
0111111101100001
0111001010110011
0110001110110100
0110000011110100
0110110100100000
0111110001100011
1000000000000000
0111010011001110
0110011001010000
0110001101100111
0110111110110001
0111111111111111
1000010101001100
0111101101111000
0110110101010110
0110101000001000
0111011000011100
1000011100010111
1000110110110101
1000010011101010
0111011011001110
0111001010110011
0111111000010110
1000111100111001
1001011010101111
1000111001111111
1000000000000000
0111101010100110
1000010011011001
1001010110100010
1001110101111010
1001010110000100
1000011001001101
0111111101011111
1000100000000010
1001100000010010
1001111111111111
1001100000010010
1000100000000010
0111111101011111
1000011001001101
1001010110000100
1001110101111010
1001010110100010
1000010011011001
0111101010100110
0111111111111111
1000111001111111
1001011010101111
1000111100111001
0111111000010110
0111001010110011
0111011011001110
1000010011101010
1000110110110101
1000011100010111
0111011000011100
0110101000001000
0110110101010110
0111101101111000
1000010101001100
0111111111111111
0110111110110001
0110001101100111
0110011001010000
0111010011001110
1000000000000000
0111110001100011
0110110100100000
0110000011110100
0110001110110100
0111001010110011
0111111101100001
0111110110010110
0110111110000100
0110001110001011
0110011000011100
0111010110000001
1000001110000110
1000001101101101
0111011001101100
0110101001111011
0110110010011001
0111110000001001
1000101100000101
1000110001000100
1000000000000000
0111001110111011
0111010011111010
1000001111110110
1001001101100110
1001010110000100
1000100110010011
0111110010010010
0111110001111001
1000101001111110
1001100111100011
1001110001110100
1001000001111011
1000001001101001
1000000010011110
1000110101001100
1001110001001011
1001111100001011
1001001011011111
1000001110011100
0111111111111111
1000101100110001
1001100110101111
1001110010011000
1001000001001110
0111111111111111
0111101010110011
1000010010000111
1001001010101001
1001010111110111
1000100111100011
0111100011101000
0111001001001010
0111101100010101
1000100100110001
1000110101001100
1000000111101001
0111000011000110
0110100101010000
0111000110000000
0111111111111111
1000010101011001
0111101100100110
0110101001011101
0110001010000101
0110101001111011
0111100110110010
1000000010100000
0111011111111101
0110011111101101
0110000000000000
0110011111101101
0111011111111101
1000000010100000
0111100110110010
0110101001111011
0110001010000101
0110101001011101
0111101100100110
1000010101011001
1000000000000000
0111000110000000
0110100101010000
0111000011000110
1000000111101001
1000110101001100
1000100100110001
0111101100010101
0111001001001010
0111100011101000
1000100111100011
1001010111110111
1001001010101001
1000010010000111
0111101010110011
0111111111111111
1001000001001110
1001110010011000
1001100110101111
1000101100110001
1000000000000000
1000001110011100
1001001011011111
1001111100001011
1001110001001011
1000110101001100
1000000010011110
1000001001101001
1001000001111011
1001110001110100
1001100111100011
1000101001111110
0111110001111001
0111110010010010
1000100110010011
1001010110000100
1001001101100110
1000001111110110
0111010011111010
0111001110111011
1000000000000000
1000110001000100
1000101100000101
0111110000001001
0110110010011001
0110101001111011
0111011001101100
1000001101101101
1000001110000110
0111010110000001
0110011000011100
0110001110001011
0110111110000100
0111110110010110
0111111101100001
0111001010110011
0110001110110100
0110000011110100
0110110100100000
0111110001100011
1000000000000000
0111010011001110
0110011001010000
0110001101100111
0110111110110001
0111111111111111
1000010101001100
0111101101111000
0110110101010110
0110101000001000
0111011000011100
1000011100010111
1000110110110101
1000010011101010
0111011011001110
0111001010110011
0111111000010110
1000111100111001
1001011010101111
1000111001111111
1000000000000000
0111101010100110
1000010011011001
1001010110100010
1001110101111010
1001010110000100
1000011001001101
0111111101011111
1000100000000010
1001100000010010
1001111111111111
1001100000010010
1000100000000010
0111111101011111
1000011001001101
1001010110000100
1001110101111010
1001010110100010
1000010011011001
0111101010100110
0111111111111111
1000111001111111
1001011010101111
1000111100111001
0111111000010110
0111001010110011
0111011011001110
1000010011101010
1000110110110101
1000011100010111
0111011000011100
0110101000001000
0110110101010110
0111101101111000
1000010101001100
1000000000000000
0110111110110001
0110001101100111
0110011001010000
0111010011001110
1000000000000000
0111110001100011
0110110100100000
0110000011110100
0110001110110100
0111001010110011
0111111101100001
0111110110010110
0110111110000100
0110001110001011
0110011000011100
0111010110000001
1000001110000110
1000001101101101
0111011001101100
0110101001111011
0110110010011001
0111110000001001
1000101100000101
1000110001000100
1000000000000000
0111001110111011
0111010011111010
1000001111110110
1001001101100110
1001010110000100
1000100110010011
0111110010010010
0111110001111001
1000101001111110
1001100111100011
1001110001110100
1001000001111011
1000001001101001
1000000010011110
1000110101001100
1001110001001011
1001111100001011
1001001011011111
1000001110011100
0111111111111111
1000101100110001
1001100110101111
1001110010011000
1001000001001110
1000000000000000
0111101010110011
1000010010000111
1001001010101001
1001010111110111
1000100111100011
0111100011101000
0111001001001010
0111101100010101
1000100100110001
1000110101001100
1000000111101001
0111000011000110
0110100101010000
0111000110000000
0111111111111111
1000010101011001
0111101100100110
0110101001011101
0110001010000101
0110101001111011
0111100110110010
1000000010100000
0111011111111101
0110011111101101
0110000000000000
0110011111101101
0111011111111101
1000000010100000
0111100110110010
0110101001111011
0110001010000101
0110101001011101
0111101100100110
1000010101011001
1000000000000000
0111000110000000
0110100101010000
0111000011000110
1000000111101001
1000110101001100
1000100100110001
0111101100010101
0111001001001010
0111100011101000
1000100111100011
1001010111110111
1001001010101001
1000010010000111
0111101010110011
0111111111111111
1001000001001110
1001110010011000
1001100110101111
1000101100110001
1000000000000000
1000001110011100
1001001011011111
1001111100001011
1001110001001011
1000110101001100
1000000010011110
1000001001101001
1001000001111011
1001110001110100
1001100111100011
1000101001111110
0111110001111001
0111110010010010
1000100110010011
1001010110000100
1001001101100110
1000001111110110
0111010011111010
0111001110111011
0111111111111111
1000110001000100
1000101100000101
0111110000001001
0110110010011001
0110101001111011
0111011001101100
1000001101101101
1000001110000110
0111010110000001
0110011000011100
0110001110001011
0110111110000100
0111110110010110
0111111101100001
0111001010110011
0110001110110100
0110000011110100
0110110100100000
0111110001100011
1000000000000000
0111010011001110
0110011001010000
0110001101100111
0110111110110001
0111111111111111
1000010101001100
0111101101111000
0110110101010110
0110101000001000
0111011000011100
1000011100010111
1000110110110101
1000010011101010
0111011011001110
0111001010110011
0111111000010110
1000111100111001
1001011010101111
1000111001111111
0111111111111111
0111101010100110
1000010011011001
1001010110100010
1001110101111010
1001010110000100
1000011001001101
0111111101011111
1000100000000010
1001100000010010
1001111111111111
$stop called at time : 499752 ns : File "C:/Xilinx/myproject/Fir_Design/Fir_Design.srcs/sim_1/new/tb_FIR_Design.v" Line 82
